C:/Users/Luis/Documents/UnB_2019/2019_2/TP 1/Codes/TP - Trabalho 1/TP_Trabalho 1/dominios.h:71: warning: multiple use of section label 'a' while adding section, (first occurrence: C:/Users/Luis/Documents/UnB_2019/2019_2/TP 1/Codes/TP - Trabalho 1/TP_Trabalho 1/dominios.h, line 28)
C:/Users/Luis/Documents/UnB_2019/2019_2/TP 1/Codes/TP - Trabalho 1/TP_Trabalho 1/dominios.h:75: warning: multiple use of section label 'Formato' while adding section, (first occurrence: C:/Users/Luis/Documents/UnB_2019/2019_2/TP 1/Codes/TP - Trabalho 1/TP_Trabalho 1/dominios.h, line 33)
C:/Users/Luis/Documents/UnB_2019/2019_2/TP 1/Codes/TP - Trabalho 1/TP_Trabalho 1/dominios.h:114: warning: multiple use of section label 'a' while adding section, (first occurrence: C:/Users/Luis/Documents/UnB_2019/2019_2/TP 1/Codes/TP - Trabalho 1/TP_Trabalho 1/dominios.h, line 28)
C:/Users/Luis/Documents/UnB_2019/2019_2/TP 1/Codes/TP - Trabalho 1/TP_Trabalho 1/dominios.h:118: warning: multiple use of section label 'Formato' while adding section, (first occurrence: C:/Users/Luis/Documents/UnB_2019/2019_2/TP 1/Codes/TP - Trabalho 1/TP_Trabalho 1/dominios.h, line 33)
C:/Users/Luis/Documents/UnB_2019/2019_2/TP 1/Codes/TP - Trabalho 1/TP_Trabalho 1/dominios.h:157: warning: multiple use of section label 'a' while adding section, (first occurrence: C:/Users/Luis/Documents/UnB_2019/2019_2/TP 1/Codes/TP - Trabalho 1/TP_Trabalho 1/dominios.h, line 28)
C:/Users/Luis/Documents/UnB_2019/2019_2/TP 1/Codes/TP - Trabalho 1/TP_Trabalho 1/dominios.h:161: warning: multiple use of section label 'Formato' while adding section, (first occurrence: C:/Users/Luis/Documents/UnB_2019/2019_2/TP 1/Codes/TP - Trabalho 1/TP_Trabalho 1/dominios.h, line 33)
C:/Users/Luis/Documents/UnB_2019/2019_2/TP 1/Codes/TP - Trabalho 1/TP_Trabalho 1/dominios.h:200: warning: multiple use of section label 'a' while adding section, (first occurrence: C:/Users/Luis/Documents/UnB_2019/2019_2/TP 1/Codes/TP - Trabalho 1/TP_Trabalho 1/dominios.h, line 28)
C:/Users/Luis/Documents/UnB_2019/2019_2/TP 1/Codes/TP - Trabalho 1/TP_Trabalho 1/dominios.h:204: warning: multiple use of section label 'Formato' while adding section, (first occurrence: C:/Users/Luis/Documents/UnB_2019/2019_2/TP 1/Codes/TP - Trabalho 1/TP_Trabalho 1/dominios.h, line 33)
C:/Users/Luis/Documents/UnB_2019/2019_2/TP 1/Codes/TP - Trabalho 1/TP_Trabalho 1/dominios.h:243: warning: multiple use of section label 'a' while adding section, (first occurrence: C:/Users/Luis/Documents/UnB_2019/2019_2/TP 1/Codes/TP - Trabalho 1/TP_Trabalho 1/dominios.h, line 28)
C:/Users/Luis/Documents/UnB_2019/2019_2/TP 1/Codes/TP - Trabalho 1/TP_Trabalho 1/dominios.h:247: warning: multiple use of section label 'Formato' while adding section, (first occurrence: C:/Users/Luis/Documents/UnB_2019/2019_2/TP 1/Codes/TP - Trabalho 1/TP_Trabalho 1/dominios.h, line 33)
C:/Users/Luis/Documents/UnB_2019/2019_2/TP 1/Codes/TP - Trabalho 1/TP_Trabalho 1/dominios.h:285: warning: multiple use of section label 'a' while adding section, (first occurrence: C:/Users/Luis/Documents/UnB_2019/2019_2/TP 1/Codes/TP - Trabalho 1/TP_Trabalho 1/dominios.h, line 28)
C:/Users/Luis/Documents/UnB_2019/2019_2/TP 1/Codes/TP - Trabalho 1/TP_Trabalho 1/dominios.h:289: warning: multiple use of section label 'Formato' while adding section, (first occurrence: C:/Users/Luis/Documents/UnB_2019/2019_2/TP 1/Codes/TP - Trabalho 1/TP_Trabalho 1/dominios.h, line 33)
C:/Users/Luis/Documents/UnB_2019/2019_2/TP 1/Codes/TP - Trabalho 1/TP_Trabalho 1/dominios.h:326: warning: multiple use of section label 'a' while adding section, (first occurrence: C:/Users/Luis/Documents/UnB_2019/2019_2/TP 1/Codes/TP - Trabalho 1/TP_Trabalho 1/dominios.h, line 28)
C:/Users/Luis/Documents/UnB_2019/2019_2/TP 1/Codes/TP - Trabalho 1/TP_Trabalho 1/dominios.h:330: warning: multiple use of section label 'Formato' while adding section, (first occurrence: C:/Users/Luis/Documents/UnB_2019/2019_2/TP 1/Codes/TP - Trabalho 1/TP_Trabalho 1/dominios.h, line 33)
C:/Users/Luis/Documents/UnB_2019/2019_2/TP 1/Codes/TP - Trabalho 1/TP_Trabalho 1/dominios.h:370: warning: multiple use of section label 'a' while adding section, (first occurrence: C:/Users/Luis/Documents/UnB_2019/2019_2/TP 1/Codes/TP - Trabalho 1/TP_Trabalho 1/dominios.h, line 28)
C:/Users/Luis/Documents/UnB_2019/2019_2/TP 1/Codes/TP - Trabalho 1/TP_Trabalho 1/dominios.h:374: warning: multiple use of section label 'Formato' while adding section, (first occurrence: C:/Users/Luis/Documents/UnB_2019/2019_2/TP 1/Codes/TP - Trabalho 1/TP_Trabalho 1/dominios.h, line 33)
C:/Users/Luis/Documents/UnB_2019/2019_2/TP 1/Codes/TP - Trabalho 1/TP_Trabalho 1/dominios.h:414: warning: multiple use of section label 'a' while adding section, (first occurrence: C:/Users/Luis/Documents/UnB_2019/2019_2/TP 1/Codes/TP - Trabalho 1/TP_Trabalho 1/dominios.h, line 28)
C:/Users/Luis/Documents/UnB_2019/2019_2/TP 1/Codes/TP - Trabalho 1/TP_Trabalho 1/dominios.h:418: warning: multiple use of section label 'Formato' while adding section, (first occurrence: C:/Users/Luis/Documents/UnB_2019/2019_2/TP 1/Codes/TP - Trabalho 1/TP_Trabalho 1/dominios.h, line 33)
C:/Users/Luis/Documents/UnB_2019/2019_2/TP 1/Codes/TP - Trabalho 1/TP_Trabalho 1/dominios.h:456: warning: multiple use of section label 'a' while adding section, (first occurrence: C:/Users/Luis/Documents/UnB_2019/2019_2/TP 1/Codes/TP - Trabalho 1/TP_Trabalho 1/dominios.h, line 28)
C:/Users/Luis/Documents/UnB_2019/2019_2/TP 1/Codes/TP - Trabalho 1/TP_Trabalho 1/dominios.h:460: warning: multiple use of section label 'Formato' while adding section, (first occurrence: C:/Users/Luis/Documents/UnB_2019/2019_2/TP 1/Codes/TP - Trabalho 1/TP_Trabalho 1/dominios.h, line 33)
C:/Users/Luis/Documents/UnB_2019/2019_2/TP 1/Codes/TP - Trabalho 1/TP_Trabalho 1/dominios.h:500: warning: multiple use of section label 'a' while adding section, (first occurrence: C:/Users/Luis/Documents/UnB_2019/2019_2/TP 1/Codes/TP - Trabalho 1/TP_Trabalho 1/dominios.h, line 28)
C:/Users/Luis/Documents/UnB_2019/2019_2/TP 1/Codes/TP - Trabalho 1/TP_Trabalho 1/dominios.h:504: warning: multiple use of section label 'Formato' while adding section, (first occurrence: C:/Users/Luis/Documents/UnB_2019/2019_2/TP 1/Codes/TP - Trabalho 1/TP_Trabalho 1/dominios.h, line 33)
C:/Users/Luis/Documents/UnB_2019/2019_2/TP 1/Codes/TP - Trabalho 1/TP_Trabalho 1/dominios.h:545: warning: multiple use of section label 'a' while adding section, (first occurrence: C:/Users/Luis/Documents/UnB_2019/2019_2/TP 1/Codes/TP - Trabalho 1/TP_Trabalho 1/dominios.h, line 28)
C:/Users/Luis/Documents/UnB_2019/2019_2/TP 1/Codes/TP - Trabalho 1/TP_Trabalho 1/dominios.h:549: warning: multiple use of section label 'Formato' while adding section, (first occurrence: C:/Users/Luis/Documents/UnB_2019/2019_2/TP 1/Codes/TP - Trabalho 1/TP_Trabalho 1/dominios.h, line 33)
C:/Users/Luis/Documents/UnB_2019/2019_2/TP 1/Codes/TP - Trabalho 1/TP_Trabalho 1/dominios.h:589: warning: multiple use of section label 'a' while adding section, (first occurrence: C:/Users/Luis/Documents/UnB_2019/2019_2/TP 1/Codes/TP - Trabalho 1/TP_Trabalho 1/dominios.h, line 28)
C:/Users/Luis/Documents/UnB_2019/2019_2/TP 1/Codes/TP - Trabalho 1/TP_Trabalho 1/dominios.h:593: warning: multiple use of section label 'Formato' while adding section, (first occurrence: C:/Users/Luis/Documents/UnB_2019/2019_2/TP 1/Codes/TP - Trabalho 1/TP_Trabalho 1/dominios.h, line 33)
C:/Users/Luis/Documents/UnB_2019/2019_2/TP 1/Codes/TP - Trabalho 1/TP_Trabalho 1/dominios.h:633: warning: multiple use of section label 'a' while adding section, (first occurrence: C:/Users/Luis/Documents/UnB_2019/2019_2/TP 1/Codes/TP - Trabalho 1/TP_Trabalho 1/dominios.h, line 28)
C:/Users/Luis/Documents/UnB_2019/2019_2/TP 1/Codes/TP - Trabalho 1/TP_Trabalho 1/dominios.h:637: warning: multiple use of section label 'Formato' while adding section, (first occurrence: C:/Users/Luis/Documents/UnB_2019/2019_2/TP 1/Codes/TP - Trabalho 1/TP_Trabalho 1/dominios.h, line 33)
C:/Users/Luis/Documents/UnB_2019/2019_2/TP 1/Codes/TP - Trabalho 1/TP_Trabalho 1/dominios.h:678: warning: multiple use of section label 'a' while adding section, (first occurrence: C:/Users/Luis/Documents/UnB_2019/2019_2/TP 1/Codes/TP - Trabalho 1/TP_Trabalho 1/dominios.h, line 28)
C:/Users/Luis/Documents/UnB_2019/2019_2/TP 1/Codes/TP - Trabalho 1/TP_Trabalho 1/dominios.h:682: warning: multiple use of section label 'Formato' while adding section, (first occurrence: C:/Users/Luis/Documents/UnB_2019/2019_2/TP 1/Codes/TP - Trabalho 1/TP_Trabalho 1/dominios.h, line 33)
C:/Users/Luis/Documents/UnB_2019/2019_2/TP 1/Codes/TP - Trabalho 1/TP_Trabalho 1/dominios.h:721: warning: multiple use of section label 'a' while adding section, (first occurrence: C:/Users/Luis/Documents/UnB_2019/2019_2/TP 1/Codes/TP - Trabalho 1/TP_Trabalho 1/dominios.h, line 28)
C:/Users/Luis/Documents/UnB_2019/2019_2/TP 1/Codes/TP - Trabalho 1/TP_Trabalho 1/dominios.h:725: warning: multiple use of section label 'Formato' while adding section, (first occurrence: C:/Users/Luis/Documents/UnB_2019/2019_2/TP 1/Codes/TP - Trabalho 1/TP_Trabalho 1/dominios.h, line 33)
C:/Users/Luis/Documents/UnB_2019/2019_2/TP 1/Codes/TP - Trabalho 1/TP_Trabalho 1/dominios.h:764: warning: multiple use of section label 'a' while adding section, (first occurrence: C:/Users/Luis/Documents/UnB_2019/2019_2/TP 1/Codes/TP - Trabalho 1/TP_Trabalho 1/dominios.h, line 28)
C:/Users/Luis/Documents/UnB_2019/2019_2/TP 1/Codes/TP - Trabalho 1/TP_Trabalho 1/dominios.h:768: warning: multiple use of section label 'Formato' while adding section, (first occurrence: C:/Users/Luis/Documents/UnB_2019/2019_2/TP 1/Codes/TP - Trabalho 1/TP_Trabalho 1/dominios.h, line 33)
C:/Users/Luis/Documents/UnB_2019/2019_2/TP 1/Codes/TP - Trabalho 1/TP_Trabalho 1/dominios.cpp:5: warning: multiple use of section label 'a' while adding section, (first occurrence: C:/Users/Luis/Documents/UnB_2019/2019_2/TP 1/Codes/TP - Trabalho 1/TP_Trabalho 1/dominios.h, line 28)
C:/Users/Luis/Documents/UnB_2019/2019_2/TP 1/Codes/TP - Trabalho 1/TP_Trabalho 1/entidades.cpp:5: warning: multiple use of section label 'a' while adding section, (first occurrence: C:/Users/Luis/Documents/UnB_2019/2019_2/TP 1/Codes/TP - Trabalho 1/TP_Trabalho 1/dominios.h, line 28)
C:/Users/Luis/Documents/UnB_2019/2019_2/TP 1/Codes/TP - Trabalho 1/TP_Trabalho 1/entidades.h:22: warning: multiple use of section label 'a' while adding section, (first occurrence: C:/Users/Luis/Documents/UnB_2019/2019_2/TP 1/Codes/TP - Trabalho 1/TP_Trabalho 1/dominios.h, line 28)
C:/Users/Luis/Documents/UnB_2019/2019_2/TP 1/Codes/TP - Trabalho 1/TP_Trabalho 1/entidades.h:26: warning: multiple use of section label 'Formato' while adding section, (first occurrence: C:/Users/Luis/Documents/UnB_2019/2019_2/TP 1/Codes/TP - Trabalho 1/TP_Trabalho 1/dominios.h, line 33)
C:/Users/Luis/Documents/UnB_2019/2019_2/TP 1/Codes/TP - Trabalho 1/TP_Trabalho 1/entidades.h:154: warning: multiple use of section label 'a' while adding section, (first occurrence: C:/Users/Luis/Documents/UnB_2019/2019_2/TP 1/Codes/TP - Trabalho 1/TP_Trabalho 1/dominios.h, line 28)
C:/Users/Luis/Documents/UnB_2019/2019_2/TP 1/Codes/TP - Trabalho 1/TP_Trabalho 1/entidades.h:158: warning: multiple use of section label 'Formato' while adding section, (first occurrence: C:/Users/Luis/Documents/UnB_2019/2019_2/TP 1/Codes/TP - Trabalho 1/TP_Trabalho 1/dominios.h, line 33)
C:/Users/Luis/Documents/UnB_2019/2019_2/TP 1/Codes/TP - Trabalho 1/TP_Trabalho 1/entidades.h:358: warning: multiple use of section label 'a' while adding section, (first occurrence: C:/Users/Luis/Documents/UnB_2019/2019_2/TP 1/Codes/TP - Trabalho 1/TP_Trabalho 1/dominios.h, line 28)
C:/Users/Luis/Documents/UnB_2019/2019_2/TP 1/Codes/TP - Trabalho 1/TP_Trabalho 1/entidades.h:361: warning: multiple use of section label 'Formato' while adding section, (first occurrence: C:/Users/Luis/Documents/UnB_2019/2019_2/TP 1/Codes/TP - Trabalho 1/TP_Trabalho 1/dominios.h, line 33)
C:/Users/Luis/Documents/UnB_2019/2019_2/TP 1/Codes/TP - Trabalho 1/TP_Trabalho 1/entidades.h:451: warning: multiple use of section label 'a' while adding section, (first occurrence: C:/Users/Luis/Documents/UnB_2019/2019_2/TP 1/Codes/TP - Trabalho 1/TP_Trabalho 1/dominios.h, line 28)
C:/Users/Luis/Documents/UnB_2019/2019_2/TP 1/Codes/TP - Trabalho 1/TP_Trabalho 1/entidades.h:453: warning: multiple use of section label 'Formato' while adding section, (first occurrence: C:/Users/Luis/Documents/UnB_2019/2019_2/TP 1/Codes/TP - Trabalho 1/TP_Trabalho 1/dominios.h, line 33)
C:/Users/Luis/Documents/UnB_2019/2019_2/TP 1/Codes/TP - Trabalho 1/TP_Trabalho 1/dominios.h:567: warning: argument 'string' of command @param is not found in the argument list of Agencia::setAgencia(string agencia)
C:/Users/Luis/Documents/UnB_2019/2019_2/TP 1/Codes/TP - Trabalho 1/TP_Trabalho 1/dominios.h:573: warning: The following parameters of Agencia::setAgencia(string agencia) are not documented:
  parameter 'agencia'
C:/Users/Luis/Documents/UnB_2019/2019_2/TP 1/Codes/TP - Trabalho 1/TP_Trabalho 1/dominios.h:49: warning: argument 'string' of command @param is not found in the argument list of Assento::setAssento(string assento)
C:/Users/Luis/Documents/UnB_2019/2019_2/TP 1/Codes/TP - Trabalho 1/TP_Trabalho 1/dominios.h:55: warning: The following parameters of Assento::setAssento(string assento) are not documented:
  parameter 'assento'
C:/Users/Luis/Documents/UnB_2019/2019_2/TP 1/Codes/TP - Trabalho 1/TP_Trabalho 1/dominios.h:92: warning: argument 'string' of command @param is not found in the argument list of Bagagem::setBagagem(string bagagem)
C:/Users/Luis/Documents/UnB_2019/2019_2/TP 1/Codes/TP - Trabalho 1/TP_Trabalho 1/dominios.h:98: warning: The following parameters of Bagagem::setBagagem(string bagagem) are not documented:
  parameter 'bagagem'
C:/Users/Luis/Documents/UnB_2019/2019_2/TP 1/Codes/TP - Trabalho 1/TP_Trabalho 1/entidades.h:264: warning: argument 'Cidade' of command @param is not found in the argument list of Carona::setCidadeDestino(Cidade *cidadeDestino)
C:/Users/Luis/Documents/UnB_2019/2019_2/TP 1/Codes/TP - Trabalho 1/TP_Trabalho 1/entidades.h:270: warning: The following parameters of Carona::setCidadeDestino(Cidade *cidadeDestino) are not documented:
  parameter 'cidadeDestino'
C:/Users/Luis/Documents/UnB_2019/2019_2/TP 1/Codes/TP - Trabalho 1/TP_Trabalho 1/entidades.h:234: warning: argument 'Cidade' of command @param is not found in the argument list of Carona::setCidadeOrigem(Cidade *cidadeOrigem)
C:/Users/Luis/Documents/UnB_2019/2019_2/TP 1/Codes/TP - Trabalho 1/TP_Trabalho 1/entidades.h:240: warning: The following parameters of Carona::setCidadeOrigem(Cidade *cidadeOrigem) are not documented:
  parameter 'cidadeOrigem'
C:/Users/Luis/Documents/UnB_2019/2019_2/TP 1/Codes/TP - Trabalho 1/TP_Trabalho 1/entidades.h:219: warning: argument 'CodigoCarona' of command @param is not found in the argument list of Carona::setCodigo(CodigoCarona *codigo)
C:/Users/Luis/Documents/UnB_2019/2019_2/TP 1/Codes/TP - Trabalho 1/TP_Trabalho 1/entidades.h:225: warning: The following parameters of Carona::setCodigo(CodigoCarona *codigo) are not documented:
  parameter 'codigo'
C:/Users/Luis/Documents/UnB_2019/2019_2/TP 1/Codes/TP - Trabalho 1/TP_Trabalho 1/entidades.h:294: warning: argument 'Data' of command @param is not found in the argument list of Carona::setData(Data *data)
C:/Users/Luis/Documents/UnB_2019/2019_2/TP 1/Codes/TP - Trabalho 1/TP_Trabalho 1/entidades.h:300: warning: The following parameters of Carona::setData(Data *data) are not documented:
  parameter 'data'
C:/Users/Luis/Documents/UnB_2019/2019_2/TP 1/Codes/TP - Trabalho 1/TP_Trabalho 1/entidades.h:309: warning: argument 'Duracao' of command @param is not found in the argument list of Carona::setDuracao(Duracao *duracao)
C:/Users/Luis/Documents/UnB_2019/2019_2/TP 1/Codes/TP - Trabalho 1/TP_Trabalho 1/entidades.h:315: warning: The following parameters of Carona::setDuracao(Duracao *duracao) are not documented:
  parameter 'duracao'
C:/Users/Luis/Documents/UnB_2019/2019_2/TP 1/Codes/TP - Trabalho 1/TP_Trabalho 1/entidades.h:279: warning: argument 'Estado' of command @param is not found in the argument list of Carona::setEstadoDestino(Estado *estadoDestino)
C:/Users/Luis/Documents/UnB_2019/2019_2/TP 1/Codes/TP - Trabalho 1/TP_Trabalho 1/entidades.h:285: warning: The following parameters of Carona::setEstadoDestino(Estado *estadoDestino) are not documented:
  parameter 'estadoDestino'
C:/Users/Luis/Documents/UnB_2019/2019_2/TP 1/Codes/TP - Trabalho 1/TP_Trabalho 1/entidades.h:249: warning: argument 'Estado' of command @param is not found in the argument list of Carona::setEstadoOrigem(Estado *estadoOrigem)
C:/Users/Luis/Documents/UnB_2019/2019_2/TP 1/Codes/TP - Trabalho 1/TP_Trabalho 1/entidades.h:255: warning: The following parameters of Carona::setEstadoOrigem(Estado *estadoOrigem) are not documented:
  parameter 'estadoOrigem'
C:/Users/Luis/Documents/UnB_2019/2019_2/TP 1/Codes/TP - Trabalho 1/TP_Trabalho 1/entidades.h:339: warning: argument 'Preco' of command @param is not found in the argument list of Carona::setPreco(Preco *preco)
C:/Users/Luis/Documents/UnB_2019/2019_2/TP 1/Codes/TP - Trabalho 1/TP_Trabalho 1/entidades.h:345: warning: The following parameters of Carona::setPreco(Preco *preco) are not documented:
  parameter 'preco'
C:/Users/Luis/Documents/UnB_2019/2019_2/TP 1/Codes/TP - Trabalho 1/TP_Trabalho 1/entidades.h:324: warning: argument 'Vagas' of command @param is not found in the argument list of Carona::setVagas(Vagas *vagas)
C:/Users/Luis/Documents/UnB_2019/2019_2/TP 1/Codes/TP - Trabalho 1/TP_Trabalho 1/entidades.h:330: warning: The following parameters of Carona::setVagas(Vagas *vagas) are not documented:
  parameter 'vagas'
C:/Users/Luis/Documents/UnB_2019/2019_2/TP 1/Codes/TP - Trabalho 1/TP_Trabalho 1/dominios.h:263: warning: argument 'string' of command @param is not found in the argument list of Cidade::setCidade(string nova_cidade)
C:/Users/Luis/Documents/UnB_2019/2019_2/TP 1/Codes/TP - Trabalho 1/TP_Trabalho 1/dominios.h:269: warning: The following parameters of Cidade::setCidade(string nova_cidade) are not documented:
  parameter 'nova_cidade'
C:/Users/Luis/Documents/UnB_2019/2019_2/TP 1/Codes/TP - Trabalho 1/TP_Trabalho 1/dominios.h:135: warning: argument 'string' of command @param is not found in the argument list of CodigoBanco::setCodigoBanco(string codigoBanco)
C:/Users/Luis/Documents/UnB_2019/2019_2/TP 1/Codes/TP - Trabalho 1/TP_Trabalho 1/dominios.h:141: warning: The following parameters of CodigoBanco::setCodigoBanco(string codigoBanco) are not documented:
  parameter 'codigoBanco'
C:/Users/Luis/Documents/UnB_2019/2019_2/TP 1/Codes/TP - Trabalho 1/TP_Trabalho 1/dominios.h:178: warning: argument 'string' of command @param is not found in the argument list of CodigoCarona::setCodigoCarona(string codigoCarona)
C:/Users/Luis/Documents/UnB_2019/2019_2/TP 1/Codes/TP - Trabalho 1/TP_Trabalho 1/dominios.h:184: warning: The following parameters of CodigoCarona::setCodigoCarona(string codigoCarona) are not documented:
  parameter 'codigoCarona'
C:/Users/Luis/Documents/UnB_2019/2019_2/TP 1/Codes/TP - Trabalho 1/TP_Trabalho 1/dominios.h:221: warning: argument 'string' of command @param is not found in the argument list of CodigoReserva::setCodigoReserva(string codigoReserva)
C:/Users/Luis/Documents/UnB_2019/2019_2/TP 1/Codes/TP - Trabalho 1/TP_Trabalho 1/dominios.h:227: warning: The following parameters of CodigoReserva::setCodigoReserva(string codigoReserva) are not documented:
  parameter 'codigoReserva'
C:/Users/Luis/Documents/UnB_2019/2019_2/TP 1/Codes/TP - Trabalho 1/TP_Trabalho 1/entidades.h:509: warning: argument 'Agencia' of command @param is not found in the argument list of Conta::setAgencia(Agencia *agencia)
C:/Users/Luis/Documents/UnB_2019/2019_2/TP 1/Codes/TP - Trabalho 1/TP_Trabalho 1/entidades.h:515: warning: The following parameters of Conta::setAgencia(Agencia *agencia) are not documented:
  parameter 'agencia'
C:/Users/Luis/Documents/UnB_2019/2019_2/TP 1/Codes/TP - Trabalho 1/TP_Trabalho 1/entidades.h:494: warning: argument 'CodigoBanco' of command @param is not found in the argument list of Conta::setBanco(CodigoBanco *banco)
C:/Users/Luis/Documents/UnB_2019/2019_2/TP 1/Codes/TP - Trabalho 1/TP_Trabalho 1/entidades.h:500: warning: The following parameters of Conta::setBanco(CodigoBanco *banco) are not documented:
  parameter 'banco'
C:/Users/Luis/Documents/UnB_2019/2019_2/TP 1/Codes/TP - Trabalho 1/TP_Trabalho 1/entidades.h:524: warning: argument 'NumeroConta' of command @param is not found in the argument list of Conta::setNumero(NumeroConta *numero)
C:/Users/Luis/Documents/UnB_2019/2019_2/TP 1/Codes/TP - Trabalho 1/TP_Trabalho 1/entidades.h:530: warning: The following parameters of Conta::setNumero(NumeroConta *numero) are not documented:
  parameter 'numero'
C:/Users/Luis/Documents/UnB_2019/2019_2/TP 1/Codes/TP - Trabalho 1/TP_Trabalho 1/dominios.h:304: warning: argument 'string' of command @param is not found in the argument list of CPF::setCPF(string cpf)
C:/Users/Luis/Documents/UnB_2019/2019_2/TP 1/Codes/TP - Trabalho 1/TP_Trabalho 1/dominios.h:310: warning: The following parameters of CPF::setCPF(string cpf) are not documented:
  parameter 'cpf'
C:/Users/Luis/Documents/UnB_2019/2019_2/TP 1/Codes/TP - Trabalho 1/TP_Trabalho 1/dominios.h:347: warning: argument 'string' of command @param is not found in the argument list of Data::setData(string data)
C:/Users/Luis/Documents/UnB_2019/2019_2/TP 1/Codes/TP - Trabalho 1/TP_Trabalho 1/dominios.h:353: warning: The following parameters of Data::setData(string data) are not documented:
  parameter 'data'
C:/Users/Luis/Documents/UnB_2019/2019_2/TP 1/Codes/TP - Trabalho 1/TP_Trabalho 1/dominios.h:391: warning: argument 'string' of command @param is not found in the argument list of Duracao::setDuracao(string duracao)
C:/Users/Luis/Documents/UnB_2019/2019_2/TP 1/Codes/TP - Trabalho 1/TP_Trabalho 1/dominios.h:397: warning: The following parameters of Duracao::setDuracao(string duracao) are not documented:
  parameter 'duracao'
C:/Users/Luis/Documents/UnB_2019/2019_2/TP 1/Codes/TP - Trabalho 1/TP_Trabalho 1/dominios.h:478: warning: argument 'string' of command @param is not found in the argument list of Email::setEmail(string email)
C:/Users/Luis/Documents/UnB_2019/2019_2/TP 1/Codes/TP - Trabalho 1/TP_Trabalho 1/dominios.h:484: warning: The following parameters of Email::setEmail(string email) are not documented:
  parameter 'email'
C:/Users/Luis/Documents/UnB_2019/2019_2/TP 1/Codes/TP - Trabalho 1/TP_Trabalho 1/dominios.h:434: warning: argument 'string' of command @param is not found in the argument list of Estado::setEstado(string estado)
C:/Users/Luis/Documents/UnB_2019/2019_2/TP 1/Codes/TP - Trabalho 1/TP_Trabalho 1/dominios.h:440: warning: The following parameters of Estado::setEstado(string estado) are not documented:
  parameter 'estado'
C:/Users/Luis/Documents/UnB_2019/2019_2/TP 1/Codes/TP - Trabalho 1/TP_Trabalho 1/dominios.h:523: warning: argument 'string' of command @param is not found in the argument list of Nome::setNome(string nome)
C:/Users/Luis/Documents/UnB_2019/2019_2/TP 1/Codes/TP - Trabalho 1/TP_Trabalho 1/dominios.h:529: warning: The following parameters of Nome::setNome(string nome) are not documented:
  parameter 'nome'
C:/Users/Luis/Documents/UnB_2019/2019_2/TP 1/Codes/TP - Trabalho 1/TP_Trabalho 1/dominios.h:611: warning: argument 'string' of command @param is not found in the argument list of NumeroConta::setConta(string conta)
C:/Users/Luis/Documents/UnB_2019/2019_2/TP 1/Codes/TP - Trabalho 1/TP_Trabalho 1/dominios.h:617: warning: The following parameters of NumeroConta::setConta(string conta) are not documented:
  parameter 'conta'
C:/Users/Luis/Documents/UnB_2019/2019_2/TP 1/Codes/TP - Trabalho 1/TP_Trabalho 1/dominios.h:655: warning: argument 'string' of command @param is not found in the argument list of Preco::setPreco(string preco)
C:/Users/Luis/Documents/UnB_2019/2019_2/TP 1/Codes/TP - Trabalho 1/TP_Trabalho 1/dominios.h:661: warning: The following parameters of Preco::setPreco(string preco) are not documented:
  parameter 'preco'
C:/Users/Luis/Documents/UnB_2019/2019_2/TP 1/Codes/TP - Trabalho 1/TP_Trabalho 1/entidades.h:417: warning: argument 'Assento' of command @param is not found in the argument list of Reserva::setAssento(Assento *assento)
C:/Users/Luis/Documents/UnB_2019/2019_2/TP 1/Codes/TP - Trabalho 1/TP_Trabalho 1/entidades.h:423: warning: The following parameters of Reserva::setAssento(Assento *assento) are not documented:
  parameter 'assento'
C:/Users/Luis/Documents/UnB_2019/2019_2/TP 1/Codes/TP - Trabalho 1/TP_Trabalho 1/entidades.h:432: warning: argument 'Bagagem' of command @param is not found in the argument list of Reserva::setBagagem(Bagagem *bagagem)
C:/Users/Luis/Documents/UnB_2019/2019_2/TP 1/Codes/TP - Trabalho 1/TP_Trabalho 1/entidades.h:438: warning: The following parameters of Reserva::setBagagem(Bagagem *bagagem) are not documented:
  parameter 'bagagem'
C:/Users/Luis/Documents/UnB_2019/2019_2/TP 1/Codes/TP - Trabalho 1/TP_Trabalho 1/entidades.h:402: warning: argument 'CodigoReserva' of command @param is not found in the argument list of Reserva::setCodigo(CodigoReserva *codigo)
C:/Users/Luis/Documents/UnB_2019/2019_2/TP 1/Codes/TP - Trabalho 1/TP_Trabalho 1/entidades.h:408: warning: The following parameters of Reserva::setCodigo(CodigoReserva *codigo) are not documented:
  parameter 'codigo'
C:/Users/Luis/Documents/UnB_2019/2019_2/TP 1/Codes/TP - Trabalho 1/TP_Trabalho 1/dominios.h:742: warning: argument 'string' of command @param is not found in the argument list of Senha::setSenha(string senha)
C:/Users/Luis/Documents/UnB_2019/2019_2/TP 1/Codes/TP - Trabalho 1/TP_Trabalho 1/dominios.h:748: warning: The following parameters of Senha::setSenha(string senha) are not documented:
  parameter 'senha'
C:/Users/Luis/Documents/UnB_2019/2019_2/TP 1/Codes/TP - Trabalho 1/TP_Trabalho 1/dominios.h:699: warning: argument 'string' of command @param is not found in the argument list of Telefone::setTelefone(string telefone)
C:/Users/Luis/Documents/UnB_2019/2019_2/TP 1/Codes/TP - Trabalho 1/TP_Trabalho 1/dominios.h:705: warning: The following parameters of Telefone::setTelefone(string telefone) are not documented:
  parameter 'telefone'
C:/Users/Luis/Documents/UnB_2019/2019_2/TP 1/Codes/TP - Trabalho 1/TP_Trabalho 1/entidades.h:136: warning: argument 'CPF' of command @param is not found in the argument list of Usuario::setCPF(CPF *cpf)
C:/Users/Luis/Documents/UnB_2019/2019_2/TP 1/Codes/TP - Trabalho 1/TP_Trabalho 1/entidades.h:142: warning: The following parameters of Usuario::setCPF(CPF *cpf) are not documented:
  parameter 'cpf'
C:/Users/Luis/Documents/UnB_2019/2019_2/TP 1/Codes/TP - Trabalho 1/TP_Trabalho 1/entidades.h:106: warning: argument 'Email' of command @param is not found in the argument list of Usuario::setEmail(Email *email)
C:/Users/Luis/Documents/UnB_2019/2019_2/TP 1/Codes/TP - Trabalho 1/TP_Trabalho 1/entidades.h:112: warning: The following parameters of Usuario::setEmail(Email *email) are not documented:
  parameter 'email'
C:/Users/Luis/Documents/UnB_2019/2019_2/TP 1/Codes/TP - Trabalho 1/TP_Trabalho 1/entidades.h:76: warning: argument 'Nome' of command @param is not found in the argument list of Usuario::setNome(Nome *nome)
C:/Users/Luis/Documents/UnB_2019/2019_2/TP 1/Codes/TP - Trabalho 1/TP_Trabalho 1/entidades.h:82: warning: The following parameters of Usuario::setNome(Nome *nome) are not documented:
  parameter 'nome'
C:/Users/Luis/Documents/UnB_2019/2019_2/TP 1/Codes/TP - Trabalho 1/TP_Trabalho 1/entidades.h:121: warning: argument 'Senha' of command @param is not found in the argument list of Usuario::setSenha(Senha *senha)
C:/Users/Luis/Documents/UnB_2019/2019_2/TP 1/Codes/TP - Trabalho 1/TP_Trabalho 1/entidades.h:127: warning: The following parameters of Usuario::setSenha(Senha *senha) are not documented:
  parameter 'senha'
C:/Users/Luis/Documents/UnB_2019/2019_2/TP 1/Codes/TP - Trabalho 1/TP_Trabalho 1/entidades.h:91: warning: argument 'Telefone' of command @param is not found in the argument list of Usuario::setTelefone(Telefone *telefone)
C:/Users/Luis/Documents/UnB_2019/2019_2/TP 1/Codes/TP - Trabalho 1/TP_Trabalho 1/entidades.h:97: warning: The following parameters of Usuario::setTelefone(Telefone *telefone) are not documented:
  parameter 'telefone'
C:/Users/Luis/Documents/UnB_2019/2019_2/TP 1/Codes/TP - Trabalho 1/TP_Trabalho 1/dominios.h:786: warning: argument 'string' of command @param is not found in the argument list of Vagas::setVagas(string vagas)
C:/Users/Luis/Documents/UnB_2019/2019_2/TP 1/Codes/TP - Trabalho 1/TP_Trabalho 1/dominios.h:792: warning: The following parameters of Vagas::setVagas(string vagas) are not documented:
  parameter 'vagas'
