C:/Users/Luis/Documents/UnB_2019/2019_2/TP 1/Codes/GitHub/source/TP - T1/TP1_T1/Exemplo 1/entidades.h:22: warning: multiple use of section label 'a' while adding section, (first occurrence: C:/Users/Luis/Documents/UnB_2019/2019_2/TP 1/Codes/GitHub/source/TP - T1/TP1_T1/Exemplo 1/entidades.cpp, line 5)
C:/Users/Luis/Documents/UnB_2019/2019_2/TP 1/Codes/GitHub/source/TP - T1/TP1_T1/Exemplo 1/dominios.cpp:5: warning: multiple use of section label 'a' while adding section, (first occurrence: C:/Users/Luis/Documents/UnB_2019/2019_2/TP 1/Codes/GitHub/source/TP - T1/TP1_T1/Exemplo 1/entidades.cpp, line 5)
C:/Users/Luis/Documents/UnB_2019/2019_2/TP 1/Codes/GitHub/source/TP - T1/TP1_T1/Exemplo 1/dominios.h:28: warning: multiple use of section label 'a' while adding section, (first occurrence: C:/Users/Luis/Documents/UnB_2019/2019_2/TP 1/Codes/GitHub/source/TP - T1/TP1_T1/Exemplo 1/entidades.cpp, line 5)
C:/Users/Luis/Documents/UnB_2019/2019_2/TP 1/Codes/GitHub/source/TP - T1/TP1_T1/Exemplo 1/dominios.h:33: warning: multiple use of section label 'Formato' while adding section, (first occurrence: C:/Users/Luis/Documents/UnB_2019/2019_2/TP 1/Codes/GitHub/source/TP - T1/TP1_T1/Exemplo 1/entidades.h, line 25)
C:/Users/Luis/Documents/UnB_2019/2019_2/TP 1/Codes/GitHub/source/TP - T1/TP1_T1/Exemplo 1/dominios.h:75: warning: multiple use of section label 'a' while adding section, (first occurrence: C:/Users/Luis/Documents/UnB_2019/2019_2/TP 1/Codes/GitHub/source/TP - T1/TP1_T1/Exemplo 1/entidades.cpp, line 5)
C:/Users/Luis/Documents/UnB_2019/2019_2/TP 1/Codes/GitHub/source/TP - T1/TP1_T1/Exemplo 1/dominios.h:79: warning: multiple use of section label 'Formato' while adding section, (first occurrence: C:/Users/Luis/Documents/UnB_2019/2019_2/TP 1/Codes/GitHub/source/TP - T1/TP1_T1/Exemplo 1/entidades.h, line 25)
C:/Users/Luis/Documents/UnB_2019/2019_2/TP 1/Codes/GitHub/source/TP - T1/TP1_T1/Exemplo 1/dominios.h:119: warning: multiple use of section label 'a' while adding section, (first occurrence: C:/Users/Luis/Documents/UnB_2019/2019_2/TP 1/Codes/GitHub/source/TP - T1/TP1_T1/Exemplo 1/entidades.cpp, line 5)
C:/Users/Luis/Documents/UnB_2019/2019_2/TP 1/Codes/GitHub/source/TP - T1/TP1_T1/Exemplo 1/dominios.h:123: warning: multiple use of section label 'Formato' while adding section, (first occurrence: C:/Users/Luis/Documents/UnB_2019/2019_2/TP 1/Codes/GitHub/source/TP - T1/TP1_T1/Exemplo 1/entidades.h, line 25)
C:/Users/Luis/Documents/UnB_2019/2019_2/TP 1/Codes/GitHub/source/TP - T1/TP1_T1/Exemplo 1/dominios.h:162: warning: multiple use of section label 'a' while adding section, (first occurrence: C:/Users/Luis/Documents/UnB_2019/2019_2/TP 1/Codes/GitHub/source/TP - T1/TP1_T1/Exemplo 1/entidades.cpp, line 5)
C:/Users/Luis/Documents/UnB_2019/2019_2/TP 1/Codes/GitHub/source/TP - T1/TP1_T1/Exemplo 1/dominios.h:166: warning: multiple use of section label 'Formato' while adding section, (first occurrence: C:/Users/Luis/Documents/UnB_2019/2019_2/TP 1/Codes/GitHub/source/TP - T1/TP1_T1/Exemplo 1/entidades.h, line 25)
C:/Users/Luis/Documents/UnB_2019/2019_2/TP 1/Codes/GitHub/source/TP - T1/TP1_T1/Exemplo 1/dominios.h:205: warning: multiple use of section label 'a' while adding section, (first occurrence: C:/Users/Luis/Documents/UnB_2019/2019_2/TP 1/Codes/GitHub/source/TP - T1/TP1_T1/Exemplo 1/entidades.cpp, line 5)
C:/Users/Luis/Documents/UnB_2019/2019_2/TP 1/Codes/GitHub/source/TP - T1/TP1_T1/Exemplo 1/dominios.h:209: warning: multiple use of section label 'Formato' while adding section, (first occurrence: C:/Users/Luis/Documents/UnB_2019/2019_2/TP 1/Codes/GitHub/source/TP - T1/TP1_T1/Exemplo 1/entidades.h, line 25)
C:/Users/Luis/Documents/UnB_2019/2019_2/TP 1/Codes/GitHub/source/TP - T1/TP1_T1/Exemplo 1/dominios.h:248: warning: multiple use of section label 'a' while adding section, (first occurrence: C:/Users/Luis/Documents/UnB_2019/2019_2/TP 1/Codes/GitHub/source/TP - T1/TP1_T1/Exemplo 1/entidades.cpp, line 5)
C:/Users/Luis/Documents/UnB_2019/2019_2/TP 1/Codes/GitHub/source/TP - T1/TP1_T1/Exemplo 1/dominios.h:252: warning: multiple use of section label 'Formato' while adding section, (first occurrence: C:/Users/Luis/Documents/UnB_2019/2019_2/TP 1/Codes/GitHub/source/TP - T1/TP1_T1/Exemplo 1/entidades.h, line 25)
C:/Users/Luis/Documents/UnB_2019/2019_2/TP 1/Codes/GitHub/source/TP - T1/TP1_T1/Exemplo 1/dominios.h:290: warning: multiple use of section label 'a' while adding section, (first occurrence: C:/Users/Luis/Documents/UnB_2019/2019_2/TP 1/Codes/GitHub/source/TP - T1/TP1_T1/Exemplo 1/entidades.cpp, line 5)
C:/Users/Luis/Documents/UnB_2019/2019_2/TP 1/Codes/GitHub/source/TP - T1/TP1_T1/Exemplo 1/dominios.h:294: warning: multiple use of section label 'Formato' while adding section, (first occurrence: C:/Users/Luis/Documents/UnB_2019/2019_2/TP 1/Codes/GitHub/source/TP - T1/TP1_T1/Exemplo 1/entidades.h, line 25)
C:/Users/Luis/Documents/UnB_2019/2019_2/TP 1/Codes/GitHub/source/TP - T1/TP1_T1/Exemplo 1/dominios.h:331: warning: multiple use of section label 'a' while adding section, (first occurrence: C:/Users/Luis/Documents/UnB_2019/2019_2/TP 1/Codes/GitHub/source/TP - T1/TP1_T1/Exemplo 1/entidades.cpp, line 5)
C:/Users/Luis/Documents/UnB_2019/2019_2/TP 1/Codes/GitHub/source/TP - T1/TP1_T1/Exemplo 1/dominios.h:335: warning: multiple use of section label 'Formato' while adding section, (first occurrence: C:/Users/Luis/Documents/UnB_2019/2019_2/TP 1/Codes/GitHub/source/TP - T1/TP1_T1/Exemplo 1/entidades.h, line 25)
C:/Users/Luis/Documents/UnB_2019/2019_2/TP 1/Codes/GitHub/source/TP - T1/TP1_T1/Exemplo 1/dominios.h:375: warning: multiple use of section label 'a' while adding section, (first occurrence: C:/Users/Luis/Documents/UnB_2019/2019_2/TP 1/Codes/GitHub/source/TP - T1/TP1_T1/Exemplo 1/entidades.cpp, line 5)
C:/Users/Luis/Documents/UnB_2019/2019_2/TP 1/Codes/GitHub/source/TP - T1/TP1_T1/Exemplo 1/dominios.h:379: warning: multiple use of section label 'Formato' while adding section, (first occurrence: C:/Users/Luis/Documents/UnB_2019/2019_2/TP 1/Codes/GitHub/source/TP - T1/TP1_T1/Exemplo 1/entidades.h, line 25)
C:/Users/Luis/Documents/UnB_2019/2019_2/TP 1/Codes/GitHub/source/TP - T1/TP1_T1/Exemplo 1/dominios.h:419: warning: multiple use of section label 'a' while adding section, (first occurrence: C:/Users/Luis/Documents/UnB_2019/2019_2/TP 1/Codes/GitHub/source/TP - T1/TP1_T1/Exemplo 1/entidades.cpp, line 5)
C:/Users/Luis/Documents/UnB_2019/2019_2/TP 1/Codes/GitHub/source/TP - T1/TP1_T1/Exemplo 1/dominios.h:423: warning: multiple use of section label 'Formato' while adding section, (first occurrence: C:/Users/Luis/Documents/UnB_2019/2019_2/TP 1/Codes/GitHub/source/TP - T1/TP1_T1/Exemplo 1/entidades.h, line 25)
C:/Users/Luis/Documents/UnB_2019/2019_2/TP 1/Codes/GitHub/source/TP - T1/TP1_T1/Exemplo 1/dominios.h:461: warning: multiple use of section label 'a' while adding section, (first occurrence: C:/Users/Luis/Documents/UnB_2019/2019_2/TP 1/Codes/GitHub/source/TP - T1/TP1_T1/Exemplo 1/entidades.cpp, line 5)
C:/Users/Luis/Documents/UnB_2019/2019_2/TP 1/Codes/GitHub/source/TP - T1/TP1_T1/Exemplo 1/dominios.h:465: warning: multiple use of section label 'Formato' while adding section, (first occurrence: C:/Users/Luis/Documents/UnB_2019/2019_2/TP 1/Codes/GitHub/source/TP - T1/TP1_T1/Exemplo 1/entidades.h, line 25)
C:/Users/Luis/Documents/UnB_2019/2019_2/TP 1/Codes/GitHub/source/TP - T1/TP1_T1/Exemplo 1/dominios.h:505: warning: multiple use of section label 'a' while adding section, (first occurrence: C:/Users/Luis/Documents/UnB_2019/2019_2/TP 1/Codes/GitHub/source/TP - T1/TP1_T1/Exemplo 1/entidades.cpp, line 5)
C:/Users/Luis/Documents/UnB_2019/2019_2/TP 1/Codes/GitHub/source/TP - T1/TP1_T1/Exemplo 1/dominios.h:509: warning: multiple use of section label 'Formato' while adding section, (first occurrence: C:/Users/Luis/Documents/UnB_2019/2019_2/TP 1/Codes/GitHub/source/TP - T1/TP1_T1/Exemplo 1/entidades.h, line 25)
C:/Users/Luis/Documents/UnB_2019/2019_2/TP 1/Codes/GitHub/source/TP - T1/TP1_T1/Exemplo 1/dominios.h:550: warning: multiple use of section label 'a' while adding section, (first occurrence: C:/Users/Luis/Documents/UnB_2019/2019_2/TP 1/Codes/GitHub/source/TP - T1/TP1_T1/Exemplo 1/entidades.cpp, line 5)
C:/Users/Luis/Documents/UnB_2019/2019_2/TP 1/Codes/GitHub/source/TP - T1/TP1_T1/Exemplo 1/dominios.h:554: warning: multiple use of section label 'Formato' while adding section, (first occurrence: C:/Users/Luis/Documents/UnB_2019/2019_2/TP 1/Codes/GitHub/source/TP - T1/TP1_T1/Exemplo 1/entidades.h, line 25)
C:/Users/Luis/Documents/UnB_2019/2019_2/TP 1/Codes/GitHub/source/TP - T1/TP1_T1/Exemplo 1/dominios.h:594: warning: multiple use of section label 'a' while adding section, (first occurrence: C:/Users/Luis/Documents/UnB_2019/2019_2/TP 1/Codes/GitHub/source/TP - T1/TP1_T1/Exemplo 1/entidades.cpp, line 5)
C:/Users/Luis/Documents/UnB_2019/2019_2/TP 1/Codes/GitHub/source/TP - T1/TP1_T1/Exemplo 1/dominios.h:598: warning: multiple use of section label 'Formato' while adding section, (first occurrence: C:/Users/Luis/Documents/UnB_2019/2019_2/TP 1/Codes/GitHub/source/TP - T1/TP1_T1/Exemplo 1/entidades.h, line 25)
C:/Users/Luis/Documents/UnB_2019/2019_2/TP 1/Codes/GitHub/source/TP - T1/TP1_T1/Exemplo 1/dominios.h:638: warning: multiple use of section label 'a' while adding section, (first occurrence: C:/Users/Luis/Documents/UnB_2019/2019_2/TP 1/Codes/GitHub/source/TP - T1/TP1_T1/Exemplo 1/entidades.cpp, line 5)
C:/Users/Luis/Documents/UnB_2019/2019_2/TP 1/Codes/GitHub/source/TP - T1/TP1_T1/Exemplo 1/dominios.h:642: warning: multiple use of section label 'Formato' while adding section, (first occurrence: C:/Users/Luis/Documents/UnB_2019/2019_2/TP 1/Codes/GitHub/source/TP - T1/TP1_T1/Exemplo 1/entidades.h, line 25)
C:/Users/Luis/Documents/UnB_2019/2019_2/TP 1/Codes/GitHub/source/TP - T1/TP1_T1/Exemplo 1/dominios.h:683: warning: multiple use of section label 'a' while adding section, (first occurrence: C:/Users/Luis/Documents/UnB_2019/2019_2/TP 1/Codes/GitHub/source/TP - T1/TP1_T1/Exemplo 1/entidades.cpp, line 5)
C:/Users/Luis/Documents/UnB_2019/2019_2/TP 1/Codes/GitHub/source/TP - T1/TP1_T1/Exemplo 1/dominios.h:687: warning: multiple use of section label 'Formato' while adding section, (first occurrence: C:/Users/Luis/Documents/UnB_2019/2019_2/TP 1/Codes/GitHub/source/TP - T1/TP1_T1/Exemplo 1/entidades.h, line 25)
C:/Users/Luis/Documents/UnB_2019/2019_2/TP 1/Codes/GitHub/source/TP - T1/TP1_T1/Exemplo 1/dominios.h:726: warning: multiple use of section label 'a' while adding section, (first occurrence: C:/Users/Luis/Documents/UnB_2019/2019_2/TP 1/Codes/GitHub/source/TP - T1/TP1_T1/Exemplo 1/entidades.cpp, line 5)
C:/Users/Luis/Documents/UnB_2019/2019_2/TP 1/Codes/GitHub/source/TP - T1/TP1_T1/Exemplo 1/dominios.h:730: warning: multiple use of section label 'Formato' while adding section, (first occurrence: C:/Users/Luis/Documents/UnB_2019/2019_2/TP 1/Codes/GitHub/source/TP - T1/TP1_T1/Exemplo 1/entidades.h, line 25)
C:/Users/Luis/Documents/UnB_2019/2019_2/TP 1/Codes/GitHub/source/TP - T1/TP1_T1/Exemplo 1/dominios.h:769: warning: multiple use of section label 'a' while adding section, (first occurrence: C:/Users/Luis/Documents/UnB_2019/2019_2/TP 1/Codes/GitHub/source/TP - T1/TP1_T1/Exemplo 1/entidades.cpp, line 5)
C:/Users/Luis/Documents/UnB_2019/2019_2/TP 1/Codes/GitHub/source/TP - T1/TP1_T1/Exemplo 1/dominios.h:773: warning: multiple use of section label 'Formato' while adding section, (first occurrence: C:/Users/Luis/Documents/UnB_2019/2019_2/TP 1/Codes/GitHub/source/TP - T1/TP1_T1/Exemplo 1/entidades.h, line 25)
C:/Users/Luis/Documents/UnB_2019/2019_2/TP 1/Codes/GitHub/source/TP - T1/TP1_T1/Exemplo 1/dominios.h:572: warning: argument 'string' of command @param is not found in the argument list of Agencia::setAgencia(string agencia)
C:/Users/Luis/Documents/UnB_2019/2019_2/TP 1/Codes/GitHub/source/TP - T1/TP1_T1/Exemplo 1/dominios.h:578: warning: The following parameters of Agencia::setAgencia(string agencia) are not documented:
  parameter 'agencia'
C:/Users/Luis/Documents/UnB_2019/2019_2/TP 1/Codes/GitHub/source/TP - T1/TP1_T1/Exemplo 1/dominios.h:49: warning: argument 'string' of command @param is not found in the argument list of Assento::setAssento(string assento)
C:/Users/Luis/Documents/UnB_2019/2019_2/TP 1/Codes/GitHub/source/TP - T1/TP1_T1/Exemplo 1/dominios.h:55: warning: The following parameters of Assento::setAssento(string assento) are not documented:
  parameter 'assento'
C:/Users/Luis/Documents/UnB_2019/2019_2/TP 1/Codes/GitHub/source/TP - T1/TP1_T1/Exemplo 1/dominios.h:96: warning: argument 'string' of command @param is not found in the argument list of Bagagem::setBagagem(string bagagem)
C:/Users/Luis/Documents/UnB_2019/2019_2/TP 1/Codes/GitHub/source/TP - T1/TP1_T1/Exemplo 1/dominios.h:102: warning: The following parameters of Bagagem::setBagagem(string bagagem) are not documented:
  parameter 'bagagem'
C:/Users/Luis/Documents/UnB_2019/2019_2/TP 1/Codes/GitHub/source/TP - T1/TP1_T1/Exemplo 1/dominios.h:268: warning: argument 'string' of command @param is not found in the argument list of Cidade::setCidade(string nova_cidade)
C:/Users/Luis/Documents/UnB_2019/2019_2/TP 1/Codes/GitHub/source/TP - T1/TP1_T1/Exemplo 1/dominios.h:274: warning: The following parameters of Cidade::setCidade(string nova_cidade) are not documented:
  parameter 'nova_cidade'
C:/Users/Luis/Documents/UnB_2019/2019_2/TP 1/Codes/GitHub/source/TP - T1/TP1_T1/Exemplo 1/dominios.h:140: warning: argument 'string' of command @param is not found in the argument list of CodigoBanco::setCodigoBanco(string codigoBanco)
C:/Users/Luis/Documents/UnB_2019/2019_2/TP 1/Codes/GitHub/source/TP - T1/TP1_T1/Exemplo 1/dominios.h:146: warning: The following parameters of CodigoBanco::setCodigoBanco(string codigoBanco) are not documented:
  parameter 'codigoBanco'
C:/Users/Luis/Documents/UnB_2019/2019_2/TP 1/Codes/GitHub/source/TP - T1/TP1_T1/Exemplo 1/dominios.h:183: warning: argument 'string' of command @param is not found in the argument list of CodigoCarona::setCodigoCarona(string codigoCarona)
C:/Users/Luis/Documents/UnB_2019/2019_2/TP 1/Codes/GitHub/source/TP - T1/TP1_T1/Exemplo 1/dominios.h:189: warning: The following parameters of CodigoCarona::setCodigoCarona(string codigoCarona) are not documented:
  parameter 'codigoCarona'
C:/Users/Luis/Documents/UnB_2019/2019_2/TP 1/Codes/GitHub/source/TP - T1/TP1_T1/Exemplo 1/dominios.h:226: warning: argument 'string' of command @param is not found in the argument list of CodigoReserva::setCodigoReserva(string codigoReserva)
C:/Users/Luis/Documents/UnB_2019/2019_2/TP 1/Codes/GitHub/source/TP - T1/TP1_T1/Exemplo 1/dominios.h:232: warning: The following parameters of CodigoReserva::setCodigoReserva(string codigoReserva) are not documented:
  parameter 'codigoReserva'
C:/Users/Luis/Documents/UnB_2019/2019_2/TP 1/Codes/GitHub/source/TP - T1/TP1_T1/Exemplo 1/dominios.h:309: warning: argument 'string' of command @param is not found in the argument list of CPF::setCPF(string cpf)
C:/Users/Luis/Documents/UnB_2019/2019_2/TP 1/Codes/GitHub/source/TP - T1/TP1_T1/Exemplo 1/dominios.h:315: warning: The following parameters of CPF::setCPF(string cpf) are not documented:
  parameter 'cpf'
C:/Users/Luis/Documents/UnB_2019/2019_2/TP 1/Codes/GitHub/source/TP - T1/TP1_T1/Exemplo 1/dominios.h:352: warning: argument 'string' of command @param is not found in the argument list of Data::setData(string data)
C:/Users/Luis/Documents/UnB_2019/2019_2/TP 1/Codes/GitHub/source/TP - T1/TP1_T1/Exemplo 1/dominios.h:358: warning: The following parameters of Data::setData(string data) are not documented:
  parameter 'data'
C:/Users/Luis/Documents/UnB_2019/2019_2/TP 1/Codes/GitHub/source/TP - T1/TP1_T1/Exemplo 1/dominios.h:396: warning: argument 'string' of command @param is not found in the argument list of Duracao::setDuracao(string duracao)
C:/Users/Luis/Documents/UnB_2019/2019_2/TP 1/Codes/GitHub/source/TP - T1/TP1_T1/Exemplo 1/dominios.h:402: warning: The following parameters of Duracao::setDuracao(string duracao) are not documented:
  parameter 'duracao'
C:/Users/Luis/Documents/UnB_2019/2019_2/TP 1/Codes/GitHub/source/TP - T1/TP1_T1/Exemplo 1/dominios.h:483: warning: argument 'string' of command @param is not found in the argument list of Email::setEmail(string email)
C:/Users/Luis/Documents/UnB_2019/2019_2/TP 1/Codes/GitHub/source/TP - T1/TP1_T1/Exemplo 1/dominios.h:489: warning: The following parameters of Email::setEmail(string email) are not documented:
  parameter 'email'
C:/Users/Luis/Documents/UnB_2019/2019_2/TP 1/Codes/GitHub/source/TP - T1/TP1_T1/Exemplo 1/dominios.h:439: warning: argument 'string' of command @param is not found in the argument list of Estado::setEstado(string estado)
C:/Users/Luis/Documents/UnB_2019/2019_2/TP 1/Codes/GitHub/source/TP - T1/TP1_T1/Exemplo 1/dominios.h:445: warning: The following parameters of Estado::setEstado(string estado) are not documented:
  parameter 'estado'
C:/Users/Luis/Documents/UnB_2019/2019_2/TP 1/Codes/GitHub/source/TP - T1/TP1_T1/Exemplo 1/dominios.h:528: warning: argument 'string' of command @param is not found in the argument list of Nome::setNome(string nome)
C:/Users/Luis/Documents/UnB_2019/2019_2/TP 1/Codes/GitHub/source/TP - T1/TP1_T1/Exemplo 1/dominios.h:534: warning: The following parameters of Nome::setNome(string nome) are not documented:
  parameter 'nome'
C:/Users/Luis/Documents/UnB_2019/2019_2/TP 1/Codes/GitHub/source/TP - T1/TP1_T1/Exemplo 1/dominios.h:616: warning: argument 'string' of command @param is not found in the argument list of NumeroConta::setConta(string conta)
C:/Users/Luis/Documents/UnB_2019/2019_2/TP 1/Codes/GitHub/source/TP - T1/TP1_T1/Exemplo 1/dominios.h:622: warning: The following parameters of NumeroConta::setConta(string conta) are not documented:
  parameter 'conta'
C:/Users/Luis/Documents/UnB_2019/2019_2/TP 1/Codes/GitHub/source/TP - T1/TP1_T1/Exemplo 1/dominios.h:660: warning: argument 'string' of command @param is not found in the argument list of Preco::setPreco(string preco)
C:/Users/Luis/Documents/UnB_2019/2019_2/TP 1/Codes/GitHub/source/TP - T1/TP1_T1/Exemplo 1/dominios.h:666: warning: The following parameters of Preco::setPreco(string preco) are not documented:
  parameter 'preco'
C:/Users/Luis/Documents/UnB_2019/2019_2/TP 1/Codes/GitHub/source/TP - T1/TP1_T1/Exemplo 1/dominios.h:747: warning: argument 'string' of command @param is not found in the argument list of Senha::setSenha(string senha)
C:/Users/Luis/Documents/UnB_2019/2019_2/TP 1/Codes/GitHub/source/TP - T1/TP1_T1/Exemplo 1/dominios.h:753: warning: The following parameters of Senha::setSenha(string senha) are not documented:
  parameter 'senha'
C:/Users/Luis/Documents/UnB_2019/2019_2/TP 1/Codes/GitHub/source/TP - T1/TP1_T1/Exemplo 1/dominios.h:704: warning: argument 'string' of command @param is not found in the argument list of Telefone::setTelefone(string telefone)
C:/Users/Luis/Documents/UnB_2019/2019_2/TP 1/Codes/GitHub/source/TP - T1/TP1_T1/Exemplo 1/dominios.h:710: warning: The following parameters of Telefone::setTelefone(string telefone) are not documented:
  parameter 'telefone'
C:/Users/Luis/Documents/UnB_2019/2019_2/TP 1/Codes/GitHub/source/TP - T1/TP1_T1/Exemplo 1/dominios.h:791: warning: argument 'string' of command @param is not found in the argument list of Vagas::setVagas(string vagas)
C:/Users/Luis/Documents/UnB_2019/2019_2/TP 1/Codes/GitHub/source/TP - T1/TP1_T1/Exemplo 1/dominios.h:797: warning: The following parameters of Vagas::setVagas(string vagas) are not documented:
  parameter 'vagas'
